<?xml version="1.0" encoding="UTF-8"?>
<!-- Generated by org.testng.reporters.JUnitXMLReporter -->
<testsuite hostname="DESKTOP-S7SSLM5" ignored="0" name="Test" tests="1" failures="1" timestamp="2023-02-10T16:42:32 IST" time="179.374" errors="0">
  <testcase name="createContact" time="103.15" classname="testNGImplimentation.CreateContactTest">
    <failure type="java.lang.AssertionError" message="The following asserts failed:
	expected [true] but found [false]">
      <![CDATA[java.lang.AssertionError: The following asserts failed:
expected [true] but found [false]
at testNGImplimentation.CreateContactTest.createContact(CreateContactTest.java:48)
at java.util.ArrayList.forEach(ArrayList.java:1259)
... Removed 29 stack frames]]>
    </failure>
  </testcase> <!-- createContact -->
</testsuite> <!-- Test -->
