<?xml version="1.0" encoding="UTF-8"?>
<testng-results skipped="0" failed="1" ignored="0" total="1" passed="0">
  <reporter-output>
  </reporter-output>
  <suite name="Suite" duration-ms="179374" started-at="2023-02-10T16:39:32 IST" finished-at="2023-02-10T16:42:32 IST">
    <groups>
    </groups>
    <test name="Test" duration-ms="179374" started-at="2023-02-10T16:39:32 IST" finished-at="2023-02-10T16:42:32 IST">
      <class name="testNGImplimentation.CreateContactTest">
        <test-method status="PASS" signature="classSetup()[pri:0, instance:testNGImplimentation.CreateContactTest@2eda0940]" name="classSetup" is-config="true" duration-ms="3379" started-at="2023-02-10T16:39:33 IST" finished-at="2023-02-10T16:39:37 IST">
          <reporter-output>
          </reporter-output>
        </test-method> <!-- classSetup -->
        <test-method status="PASS" signature="methodSetup()[pri:0, instance:testNGImplimentation.CreateContactTest@2eda0940]" name="methodSetup" is-config="true" duration-ms="60602" started-at="2023-02-10T16:39:37 IST" finished-at="2023-02-10T16:40:37 IST">
          <reporter-output>
          </reporter-output>
        </test-method> <!-- methodSetup -->
        <test-method status="FAIL" signature="createContact()[pri:0, instance:testNGImplimentation.CreateContactTest@2eda0940]" name="createContact" duration-ms="103150" started-at="2023-02-10T16:40:37 IST" finished-at="2023-02-10T16:42:20 IST">
          <exception class="java.lang.AssertionError">
            <message>
              <![CDATA[The following asserts failed:
expected [true] but found [false]]]>
            </message>
            <full-stacktrace>
              <![CDATA[java.lang.AssertionError: The following asserts failed:
expected [true] but found [false]
at org.testng.asserts.SoftAssert.assertAll(SoftAssert.java:47)
at org.testng.asserts.SoftAssert.assertAll(SoftAssert.java:31)
at testNGImplimentation.CreateContactTest.createContact(CreateContactTest.java:48)
at sun.reflect.NativeMethodAccessorImpl.invoke0(Native Method)
at sun.reflect.NativeMethodAccessorImpl.invoke(NativeMethodAccessorImpl.java:62)
at sun.reflect.DelegatingMethodAccessorImpl.invoke(DelegatingMethodAccessorImpl.java:43)
at java.lang.reflect.Method.invoke(Method.java:498)
at org.testng.internal.MethodInvocationHelper.invokeMethod(MethodInvocationHelper.java:133)
at org.testng.internal.TestInvoker.invokeMethod(TestInvoker.java:598)
at org.testng.internal.TestInvoker.invokeTestMethod(TestInvoker.java:173)
at org.testng.internal.MethodRunner.runInSequence(MethodRunner.java:46)
at org.testng.internal.TestInvoker$MethodInvocationAgent.invoke(TestInvoker.java:824)
at org.testng.internal.TestInvoker.invokeTestMethods(TestInvoker.java:146)
at org.testng.internal.TestMethodWorker.invokeTestMethods(TestMethodWorker.java:146)
at org.testng.internal.TestMethodWorker.run(TestMethodWorker.java:128)
at java.util.ArrayList.forEach(ArrayList.java:1259)
at org.testng.TestRunner.privateRun(TestRunner.java:794)
at org.testng.TestRunner.run(TestRunner.java:596)
at org.testng.SuiteRunner.runTest(SuiteRunner.java:377)
at org.testng.SuiteRunner.runSequentially(SuiteRunner.java:371)
at org.testng.SuiteRunner.privateRun(SuiteRunner.java:332)
at org.testng.SuiteRunner.run(SuiteRunner.java:276)
at org.testng.SuiteRunnerWorker.runSuite(SuiteRunnerWorker.java:53)
at org.testng.SuiteRunnerWorker.run(SuiteRunnerWorker.java:96)
at org.testng.TestNG.runSuitesSequentially(TestNG.java:1212)
at org.testng.TestNG.runSuitesLocally(TestNG.java:1134)
at org.testng.TestNG.runSuites(TestNG.java:1063)
at org.testng.TestNG.run(TestNG.java:1031)
at org.testng.remote.AbstractRemoteTestNG.run(AbstractRemoteTestNG.java:115)
at org.testng.remote.RemoteTestNG.initAndRun(RemoteTestNG.java:251)
at org.testng.remote.RemoteTestNG.main(RemoteTestNG.java:77)
]]>
            </full-stacktrace>
          </exception> <!-- java.lang.AssertionError -->
          <reporter-output>
          </reporter-output>
        </test-method> <!-- createContact -->
        <test-method status="PASS" signature="methodTeardown()[pri:0, instance:testNGImplimentation.CreateContactTest@2eda0940]" name="methodTeardown" is-config="true" duration-ms="9781" started-at="2023-02-10T16:42:22 IST" finished-at="2023-02-10T16:42:32 IST">
          <reporter-output>
          </reporter-output>
        </test-method> <!-- methodTeardown -->
        <test-method status="PASS" signature="classTeardown()[pri:0, instance:testNGImplimentation.CreateContactTest@2eda0940]" name="classTeardown" is-config="true" duration-ms="1" started-at="2023-02-10T16:42:32 IST" finished-at="2023-02-10T16:42:32 IST">
          <reporter-output>
          </reporter-output>
        </test-method> <!-- classTeardown -->
      </class> <!-- testNGImplimentation.CreateContactTest -->
    </test> <!-- Test -->
  </suite> <!-- Suite -->
</testng-results>
